<?xml version="1.0" encoding="UTF-8"?>
<!-- Generated by org.testng.reporters.JUnitReportReporter -->
<testsuite hostname="Divyas-MBP.domain.name" failures="0" tests="1" name="rest.DynamicJson" time="3.212" errors="0" timestamp="2022-07-19T12:22:15 IST" skipped="0">
  <testcase classname="rest.DynamicJson" name="addBook" time="3.212"/>
  <system-out/>
</testsuite> <!-- rest.DynamicJson -->
