<?xml version="1.0" encoding="UTF-8"?>
<!-- Generated by org.testng.reporters.JUnitReportReporter -->
<testsuite hostname="Divyas-MBP.domain.name" failures="0" tests="1" name="rest.StaticJosn" time="2.104" errors="0" timestamp="2022-07-19T15:36:53 IST" skipped="0">
  <testcase classname="rest.StaticJosn" name="addBook" time="2.104"/>
  <system-out/>
</testsuite> <!-- rest.StaticJosn -->
