<?xml version="1.0" encoding="UTF-8"?>
<!-- Generated by org.testng.reporters.JUnitReportReporter -->
<testsuite hostname="Divyas-MBP.domain.name" failures="0" tests="4" name="rest.DynamicJsonWithDataProvider" time="4.244" errors="0" timestamp="2022-07-19T13:44:54 IST" skipped="0">
  <testcase classname="rest.DynamicJsonWithDataProvider" name="addDeleteBook" time="3.298"/>
  <system-out/>
  <testcase classname="rest.DynamicJsonWithDataProvider" name="addDeleteBook" time="0.316"/>
  <system-out/>
  <testcase classname="rest.DynamicJsonWithDataProvider" name="addDeleteBook" time="0.309"/>
  <system-out/>
  <testcase classname="rest.DynamicJsonWithDataProvider" name="addDeleteBook" time="0.321"/>
  <system-out/>
</testsuite> <!-- rest.DynamicJsonWithDataProvider -->
